2025-12-29 12:00:34,249 - root - INFO - Logging configurado: level=INFO, dir=C:\Users\igor\Desktop\17-10-2025-main\backend\bot\logs
C:\Users\igor\Desktop\17-10-2025-main\backend\server.py:127: DeprecationWarning: 
        on_event is deprecated, use lifespan event handlers instead.

        Read more about it in the
        [FastAPI docs for Lifespan Events](https://fastapi.tiangolo.com/advanced/events/).
        
  @app.on_event("startup")
C:\Users\igor\Desktop\17-10-2025-main\backend\server.py:134: DeprecationWarning: 
        on_event is deprecated, use lifespan event handlers instead.

        Read more about it in the
        [FastAPI docs for Lifespan Events](https://fastapi.tiangolo.com/advanced/events/).
        
  @app.on_event("shutdown")
INFO:     Started server process [21276]
INFO:     Waiting for application startup.
2025-12-29 12:00:34,468 - __main__ - INFO - Mongo indexes ensured: trades.closed_at, learning_data.timestamp
2025-12-29 12:00:34,468 - __main__ - INFO - Server started successfully
INFO:     Application startup complete.
ERROR:    [Errno 10048] error while attempting to bind on address ('0.0.0.0', 8002): normalmente é permitida apenas uma utilização de cada endereço de soquete (protocolo/endereço de rede/porta)
INFO:     Waiting for application shutdown.
2025-12-29 12:00:34,471 - __main__ - INFO - Server shutdown complete
INFO:     Application shutdown complete.
